<?xml version="1.0" encoding="UTF-8"?>
<!-- Generated by org.testng.reporters.JUnitReportReporter -->
<testsuite hostname="DESKTOP-4U73KN9" failures="0" tests="4" name="cucumberOptions.TestNgTestRunner" time="39.327" errors="0" timestamp="2023-04-08T13:42:06 IST" skipped="0">
  <testcase classname="cucumberOptions.TestNgTestRunner" name="runScenario" time="9.907"/>
  <system-out/>
  <testcase classname="cucumberOptions.TestNgTestRunner" name="runScenario" time="9.284"/>
  <system-out/>
  <testcase classname="cucumberOptions.TestNgTestRunner" name="runScenario" time="10.060"/>
  <system-out/>
  <testcase classname="cucumberOptions.TestNgTestRunner" name="runScenario" time="10.076"/>
  <system-out/>
</testsuite> <!-- cucumberOptions.TestNgTestRunner -->
