<?xml version="1.0" encoding="UTF-8"?>
<!-- Generated by org.testng.reporters.JUnitReportReporter -->
<testsuite hostname="DESKTOP-4U73KN9" failures="0" tests="3" name="cucumberOptions.TestNgTestRunner" time="19.896" errors="0" timestamp="2023-04-07T21:38:21 IST" skipped="0">
  <testcase classname="cucumberOptions.TestNgTestRunner" name="runScenario" time="7.015"/>
  <system-out/>
  <testcase classname="cucumberOptions.TestNgTestRunner" name="runScenario" time="6.490"/>
  <system-out/>
  <testcase classname="cucumberOptions.TestNgTestRunner" name="runScenario" time="6.391"/>
  <system-out/>
</testsuite> <!-- cucumberOptions.TestNgTestRunner -->
