<?xml version="1.0" encoding="UTF-8"?>
<!-- Generated by org.testng.reporters.JUnitReportReporter -->
<testsuite hostname="DESKTOP-4U73KN9" failures="0" tests="1" name="cucumberOptions.TestNgTestRunner" time="7.506" errors="0" timestamp="2023-04-04T15:41:57 IST" skipped="0">
  <testcase classname="cucumberOptions.TestNgTestRunner" name="runScenario" time="7.506"/>
  <system-out/>
</testsuite> <!-- cucumberOptions.TestNgTestRunner -->
